<?xml version="1.0" encoding="UTF-8"?>
<!-- Generated by org.testng.reporters.JUnitReportReporter -->
<testsuite hostname="DESKTOP-QMD2SUA" name="com.rameshsoft.automation.TestCases.BusinessScripts" tests="1" failures="0" timestamp="29 Nov 2017 16:48:24 GMT" time="16.015" errors="0">
  <testcase name="FlipkartTestcase" time="16.015" classname="com.rameshsoft.automation.TestCases.BusinessScripts"/>
</testsuite> <!-- com.rameshsoft.automation.TestCases.BusinessScripts -->
